TN:
SF:nodes/LiteSoc/GenericFunctions.ts
FN:22,litesocApiRequest
FN:134,litesocApiRequestAllItems
FN:179,formatEventType
FN:190,validateSeverity
FN:204,buildActor
FN:228,parseMetadata
FNF:6
FNH:6
FNDA:39,litesocApiRequest
FNDA:8,litesocApiRequestAllItems
FNDA:8,formatEventType
FNDA:10,validateSeverity
FNDA:7,buildActor
FNDA:5,parseMetadata
DA:11,2
DA:14,2
DA:17,2
DA:22,2
DA:29,39
DA:39,39
DA:40,2
DA:44,39
DA:45,10
DA:48,39
DA:49,39
DA:54,14
DA:56,25
DA:62,25
DA:65,25
DA:66,25
DA:67,25
DA:68,25
DA:70,25
DA:74,25
DA:75,2
DA:76,2
DA:77,23
DA:78,2
DA:79,2
DA:80,2
DA:81,21
DA:82,1
DA:83,1
DA:86,20
DA:88,2
DA:89,2
DA:90,2
DA:92,1
DA:93,1
DA:94,1
DA:96,1
DA:97,1
DA:98,1
DA:103,6
DA:104,6
DA:105,6
DA:107,2
DA:108,2
DA:109,2
DA:111,5
DA:112,5
DA:113,5
DA:115,3
DA:120,25
DA:121,16
DA:124,25
DA:134,2
DA:142,8
DA:144,8
DA:145,8
DA:146,8
DA:148,8
DA:149,9
DA:150,9
DA:152,9
DA:154,9
DA:155,9
DA:158,9
DA:159,9
DA:161,9
DA:162,7
DA:166,9
DA:167,1
DA:170,8
DA:173,7
DA:179,2
DA:181,8
DA:182,2
DA:184,6
DA:190,2
DA:191,10
DA:192,10
DA:194,10
DA:195,3
DA:198,7
DA:204,2
DA:208,7
DA:209,4
DA:212,3
DA:214,3
DA:215,2
DA:218,3
DA:219,2
DA:222,3
DA:228,2
DA:229,5
DA:231,5
DA:232,11
DA:233,10
DA:237,5
LF:96
LH:96
BRDA:26,0,0,27
BRDA:27,1,0,29
BRDA:39,2,0,2
BRDA:39,3,0,39
BRDA:39,3,1,9
BRDA:44,4,0,10
BRDA:62,5,0,25
BRDA:62,5,1,22
BRDA:62,5,2,3
BRDA:65,6,0,25
BRDA:65,6,1,19
BRDA:66,7,0,25
BRDA:66,7,1,20
BRDA:67,8,0,25
BRDA:67,8,1,18
BRDA:68,9,0,25
BRDA:68,9,1,18
BRDA:68,9,2,3
BRDA:68,9,3,2
BRDA:74,10,0,2
BRDA:74,10,1,23
BRDA:77,11,0,2
BRDA:77,11,1,21
BRDA:78,12,0,2
BRDA:78,12,1,1
BRDA:81,13,0,1
BRDA:81,13,1,20
BRDA:86,14,0,2
BRDA:86,14,1,1
BRDA:86,14,2,1
BRDA:86,14,3,3
BRDA:86,14,4,4
BRDA:86,14,5,5
BRDA:86,14,6,6
BRDA:86,14,7,2
BRDA:86,14,8,5
BRDA:86,14,9,3
BRDA:111,15,0,5
BRDA:111,15,1,1
BRDA:115,16,0,3
BRDA:115,16,1,1
BRDA:120,17,0,16
BRDA:120,18,0,25
BRDA:120,18,1,23
BRDA:120,18,2,17
BRDA:138,19,0,6
BRDA:139,20,0,6
BRDA:154,21,0,9
BRDA:154,21,1,2
BRDA:154,21,2,1
BRDA:158,22,0,9
BRDA:158,22,1,4
BRDA:161,23,0,7
BRDA:161,24,0,9
BRDA:161,24,1,2
BRDA:166,25,0,1
BRDA:166,26,0,9
BRDA:166,26,1,1
BRDA:181,27,0,2
BRDA:194,28,0,3
BRDA:208,29,0,4
BRDA:208,30,0,7
BRDA:208,30,1,5
BRDA:214,31,0,2
BRDA:218,32,0,2
BRDA:232,33,0,10
BRDA:232,34,0,11
BRDA:232,34,1,10
BRF:68
BRH:68
end_of_record
TN:
SF:nodes/LiteSoc/LiteSoc.node.ts
FN:70,(anonymous_0)
FNF:1
FNH:1
FNDA:25,(anonymous_0)
DA:8,1
DA:10,1
DA:11,1
DA:12,1
DA:19,1
DA:20,33
DA:71,25
DA:72,25
DA:73,25
DA:74,25
DA:76,25
DA:77,25
DA:83,25
DA:87,14
DA:88,5
DA:91,5
DA:92,2
DA:93,2
DA:94,1
DA:101,4
DA:102,4
DA:103,4
DA:104,4
DA:105,4
DA:108,4
DA:114,4
DA:115,1
DA:118,4
DA:119,1
DA:123,4
DA:124,1
DA:125,1
DA:126,1
DA:130,4
DA:141,9
DA:142,3
DA:144,3
DA:154,6
DA:155,5
DA:156,5
DA:158,5
DA:161,5
DA:162,1
DA:164,5
DA:165,1
DA:167,5
DA:168,1
DA:170,5
DA:171,1
DA:173,5
DA:174,1
DA:177,5
DA:178,1
DA:186,4
DA:187,4
DA:188,4
DA:195,4
DA:201,1
DA:211,11
DA:215,10
DA:216,1
DA:218,1
DA:228,9
DA:229,5
DA:230,5
DA:232,5
DA:235,5
DA:236,1
DA:238,5
DA:239,2
DA:241,5
DA:242,2
DA:244,5
DA:245,1
DA:247,5
DA:248,1
DA:250,5
DA:251,1
DA:254,5
DA:255,1
DA:263,4
DA:264,4
DA:265,4
DA:272,4
DA:282,4
DA:283,2
DA:284,2
DA:285,2
DA:287,2
DA:292,2
DA:293,1
DA:296,2
DA:307,2
DA:308,1
DA:309,1
DA:311,1
DA:315,1
DA:316,1
DA:319,1
DA:326,1
DA:332,1
DA:339,19
DA:343,19
DA:345,6
DA:346,1
DA:350,1
DA:352,5
DA:356,20
LF:108
LH:108
BRDA:83,0,0,14
BRDA:83,0,1,11
BRDA:87,1,0,5
BRDA:87,1,1,9
BRDA:91,2,0,2
BRDA:93,3,0,1
BRDA:114,4,0,1
BRDA:118,5,0,1
BRDA:123,6,0,1
BRDA:125,7,0,1
BRDA:141,8,0,3
BRDA:141,8,1,6
BRDA:154,9,0,5
BRDA:154,9,1,1
BRDA:161,10,0,1
BRDA:164,11,0,1
BRDA:167,12,0,1
BRDA:170,13,0,1
BRDA:173,14,0,1
BRDA:177,15,0,1
BRDA:177,15,1,4
BRDA:196,16,0,4
BRDA:196,16,1,2
BRDA:196,16,2,1
BRDA:211,17,0,10
BRDA:211,17,1,1
BRDA:215,18,0,1
BRDA:215,18,1,9
BRDA:228,19,0,5
BRDA:228,19,1,4
BRDA:235,20,0,1
BRDA:238,21,0,2
BRDA:241,22,0,2
BRDA:244,23,0,1
BRDA:247,24,0,1
BRDA:250,25,0,1
BRDA:254,26,0,1
BRDA:254,26,1,4
BRDA:273,27,0,4
BRDA:273,27,1,2
BRDA:273,27,2,1
BRDA:282,28,0,2
BRDA:282,28,1,2
BRDA:292,29,0,1
BRDA:307,30,0,1
BRDA:307,30,1,1
BRDA:315,31,0,1
BRDA:345,32,0,1
BRF:48
BRH:48
end_of_record
TN:
SF:nodes/credentials/LiteSocApi.credentials.ts
FNF:0
FNH:0
DA:8,1
DA:9,15
DA:11,15
DA:13,15
DA:15,15
DA:20,15
DA:26,15
DA:38,15
DA:47,15
LF:9
LH:9
BRF:0
BRH:0
end_of_record
