TN:
SF:nodes/LiteSoc/GenericFunctions.ts
FN:22,litesocApiRequest
FN:134,litesocApiRequestAllItems
FN:180,formatEventType
FN:191,validateSeverity
FN:205,buildActor
FN:229,parseMetadata
FNF:6
FNH:6
FNDA:39,litesocApiRequest
FNDA:8,litesocApiRequestAllItems
FNDA:8,formatEventType
FNDA:10,validateSeverity
FNDA:7,buildActor
FNDA:5,parseMetadata
DA:11,2
DA:14,2
DA:17,2
DA:22,2
DA:29,39
DA:39,39
DA:40,2
DA:44,39
DA:45,10
DA:48,39
DA:49,39
DA:54,14
DA:56,25
DA:62,25
DA:65,25
DA:66,25
DA:67,25
DA:68,25
DA:70,25
DA:74,25
DA:75,2
DA:76,2
DA:77,23
DA:78,2
DA:79,2
DA:80,2
DA:81,21
DA:82,1
DA:83,1
DA:86,20
DA:88,2
DA:89,2
DA:90,2
DA:92,1
DA:93,1
DA:94,1
DA:96,1
DA:97,1
DA:98,1
DA:103,6
DA:104,6
DA:105,6
DA:107,2
DA:108,2
DA:109,2
DA:111,5
DA:112,5
DA:113,5
DA:115,3
DA:120,25
DA:121,16
DA:124,25
DA:134,2
DA:142,8
DA:144,8
DA:145,8
DA:146,8
DA:148,8
DA:149,9
DA:150,9
DA:152,9
DA:154,9
DA:155,9
DA:158,9
DA:159,9
DA:160,9
DA:162,9
DA:163,7
DA:167,9
DA:168,1
DA:171,8
DA:174,7
DA:180,2
DA:182,8
DA:183,2
DA:185,6
DA:191,2
DA:192,10
DA:193,10
DA:195,10
DA:196,3
DA:199,7
DA:205,2
DA:209,7
DA:210,4
DA:213,3
DA:215,3
DA:216,2
DA:219,3
DA:220,2
DA:223,3
DA:229,2
DA:230,5
DA:232,5
DA:233,11
DA:234,10
DA:238,5
LF:97
LH:97
BRDA:26,0,0,27
BRDA:27,1,0,29
BRDA:39,2,0,2
BRDA:39,3,0,39
BRDA:39,3,1,9
BRDA:44,4,0,10
BRDA:62,5,0,25
BRDA:62,5,1,22
BRDA:62,5,2,3
BRDA:65,6,0,25
BRDA:65,6,1,19
BRDA:66,7,0,25
BRDA:66,7,1,20
BRDA:67,8,0,25
BRDA:67,8,1,18
BRDA:68,9,0,25
BRDA:68,9,1,18
BRDA:68,9,2,3
BRDA:68,9,3,2
BRDA:74,10,0,2
BRDA:74,10,1,23
BRDA:77,11,0,2
BRDA:77,11,1,21
BRDA:78,12,0,2
BRDA:78,12,1,1
BRDA:81,13,0,1
BRDA:81,13,1,20
BRDA:86,14,0,2
BRDA:86,14,1,1
BRDA:86,14,2,1
BRDA:86,14,3,3
BRDA:86,14,4,4
BRDA:86,14,5,5
BRDA:86,14,6,6
BRDA:86,14,7,2
BRDA:86,14,8,5
BRDA:86,14,9,3
BRDA:111,15,0,5
BRDA:111,15,1,1
BRDA:115,16,0,3
BRDA:115,16,1,1
BRDA:120,17,0,16
BRDA:120,18,0,25
BRDA:120,18,1,23
BRDA:120,18,2,17
BRDA:138,19,0,6
BRDA:139,20,0,6
BRDA:154,21,0,9
BRDA:154,21,1,2
BRDA:154,21,2,1
BRDA:159,22,0,9
BRDA:159,22,1,9
BRDA:159,22,2,4
BRDA:162,23,0,7
BRDA:162,24,0,9
BRDA:162,24,1,2
BRDA:167,25,0,1
BRDA:167,26,0,9
BRDA:167,26,1,1
BRDA:182,27,0,2
BRDA:195,28,0,3
BRDA:209,29,0,4
BRDA:209,30,0,7
BRDA:209,30,1,5
BRDA:215,31,0,2
BRDA:219,32,0,2
BRDA:233,33,0,10
BRDA:233,34,0,11
BRDA:233,34,1,10
BRF:69
BRH:69
end_of_record
TN:
SF:nodes/LiteSoc/LiteSoc.node.ts
FN:70,(anonymous_0)
FNF:1
FNH:1
FNDA:25,(anonymous_0)
DA:8,1
DA:10,1
DA:11,1
DA:12,1
DA:19,1
DA:20,33
DA:71,25
DA:72,25
DA:73,25
DA:74,25
DA:76,25
DA:77,25
DA:83,25
DA:87,13
DA:88,4
DA:91,4
DA:92,2
DA:93,2
DA:94,1
DA:101,3
DA:102,3
DA:103,3
DA:104,3
DA:107,3
DA:112,3
DA:113,3
DA:114,3
DA:118,3
DA:119,1
DA:123,3
DA:124,1
DA:125,1
DA:126,1
DA:130,3
DA:141,9
DA:142,4
DA:144,4
DA:154,5
DA:155,4
DA:156,4
DA:158,4
DA:161,4
DA:162,1
DA:164,4
DA:165,1
DA:167,4
DA:168,1
DA:173,4
DA:174,1
DA:182,3
DA:183,3
DA:184,3
DA:191,3
DA:197,1
DA:207,12
DA:211,11
DA:212,2
DA:214,2
DA:224,9
DA:225,5
DA:226,5
DA:228,5
DA:231,5
DA:232,1
DA:234,5
DA:235,2
DA:237,5
DA:238,2
DA:241,5
DA:242,1
DA:250,4
DA:251,4
DA:252,4
DA:259,4
DA:269,4
DA:270,2
DA:271,2
DA:272,2
DA:274,2
DA:279,2
DA:280,1
DA:283,2
DA:294,2
DA:295,1
DA:296,1
DA:298,1
DA:302,1
DA:303,1
DA:306,1
DA:313,1
DA:319,1
DA:326,19
DA:330,19
DA:332,6
DA:333,1
DA:337,1
DA:339,5
DA:343,20
LF:98
LH:98
BRDA:83,0,0,13
BRDA:83,0,1,12
BRDA:87,1,0,4
BRDA:87,1,1,9
BRDA:91,2,0,2
BRDA:93,3,0,1
BRDA:113,4,0,3
BRDA:118,5,0,1
BRDA:123,6,0,1
BRDA:125,7,0,1
BRDA:141,8,0,4
BRDA:141,8,1,5
BRDA:154,9,0,4
BRDA:154,9,1,1
BRDA:161,10,0,1
BRDA:164,11,0,1
BRDA:167,12,0,1
BRDA:173,13,0,1
BRDA:173,13,1,3
BRDA:192,14,0,3
BRDA:192,14,1,2
BRDA:192,14,2,1
BRDA:207,15,0,11
BRDA:207,15,1,1
BRDA:211,16,0,2
BRDA:211,16,1,9
BRDA:224,17,0,5
BRDA:224,17,1,4
BRDA:231,18,0,1
BRDA:234,19,0,2
BRDA:237,20,0,2
BRDA:241,21,0,1
BRDA:241,21,1,4
BRDA:260,22,0,4
BRDA:260,22,1,2
BRDA:260,22,2,1
BRDA:269,23,0,2
BRDA:269,23,1,2
BRDA:279,24,0,1
BRDA:294,25,0,1
BRDA:294,25,1,1
BRDA:302,26,0,1
BRDA:332,27,0,1
BRF:43
BRH:43
end_of_record
TN:
SF:nodes/credentials/LiteSocApi.credentials.ts
FNF:0
FNH:0
DA:8,1
DA:9,15
DA:11,15
DA:13,15
DA:15,15
DA:20,15
DA:26,15
DA:38,15
DA:47,15
LF:9
LH:9
BRF:0
BRH:0
end_of_record
